[2023-07-16T19:30:17.717+0000] {taskinstance.py:1103} INFO - Dependencies all met for dep_context=non-requeueable deps ti=<TaskInstance: voos.tipo scheduled__2023-07-15T18:40:46.573915+00:00 [queued]>
[2023-07-16T19:30:17.733+0000] {taskinstance.py:1103} INFO - Dependencies all met for dep_context=requeueable deps ti=<TaskInstance: voos.tipo scheduled__2023-07-15T18:40:46.573915+00:00 [queued]>
[2023-07-16T19:30:17.733+0000] {taskinstance.py:1308} INFO - Starting attempt 3 of 3
[2023-07-16T19:30:17.760+0000] {taskinstance.py:1327} INFO - Executing <Task(PythonOperator): tipo> on 2023-07-15 18:40:46.573915+00:00
[2023-07-16T19:30:17.767+0000] {standard_task_runner.py:57} INFO - Started process 335 to run task
[2023-07-16T19:30:17.777+0000] {standard_task_runner.py:84} INFO - Running: ['***', 'tasks', 'run', 'voos', 'tipo', 'scheduled__2023-07-15T18:40:46.573915+00:00', '--job-id', '52', '--raw', '--subdir', 'DAGS_FOLDER/data_ingestion_dag/main.py', '--cfg-path', '/tmp/tmpe7jy2fjd']
[2023-07-16T19:30:17.780+0000] {standard_task_runner.py:85} INFO - Job 52: Subtask tipo
[2023-07-16T19:30:17.870+0000] {task_command.py:410} INFO - Running <TaskInstance: voos.tipo scheduled__2023-07-15T18:40:46.573915+00:00 [running]> on host 44a26cae519f
[2023-07-16T19:30:18.011+0000] {taskinstance.py:1547} INFO - Exporting env vars: AIRFLOW_CTX_DAG_OWNER='***' AIRFLOW_CTX_DAG_ID='voos' AIRFLOW_CTX_TASK_ID='tipo' AIRFLOW_CTX_EXECUTION_DATE='2023-07-15T18:40:46.573915+00:00' AIRFLOW_CTX_TRY_NUMBER='3' AIRFLOW_CTX_DAG_RUN_ID='scheduled__2023-07-15T18:40:46.573915+00:00'
[2023-07-16T19:30:18.101+0000] {logging_mixin.py:150} INFO - o tipo eh:  0    Nacional
dtype: object
[2023-07-16T19:30:18.104+0000] {python.py:183} INFO - Done. Returned value was: 0    Nacional
dtype: object
[2023-07-16T19:30:18.120+0000] {xcom.py:640} ERROR - Object of type Series is not JSON serializable. If you are using pickle instead of JSON for XCom, then you need to enable pickle support for XCom in your *** config or make sure to decorate your object with attr.
[2023-07-16T19:30:18.121+0000] {taskinstance.py:1824} ERROR - Task failed with exception
Traceback (most recent call last):
  File "/home/airflow/.local/lib/python3.7/site-packages/airflow/utils/json.py", line 91, in default
    return serialize(o)
  File "/home/airflow/.local/lib/python3.7/site-packages/airflow/serialization/serde.py", line 172, in serialize
    raise TypeError(f"cannot serialize object of type {cls}")
TypeError: cannot serialize object of type <class 'pandas.core.series.Series'>

During handling of the above exception, another exception occurred:

Traceback (most recent call last):
  File "/home/airflow/.local/lib/python3.7/site-packages/airflow/utils/session.py", line 73, in wrapper
    return func(*args, **kwargs)
  File "/home/airflow/.local/lib/python3.7/site-packages/airflow/models/taskinstance.py", line 2361, in xcom_push
    session=session,
  File "/home/airflow/.local/lib/python3.7/site-packages/airflow/utils/session.py", line 73, in wrapper
    return func(*args, **kwargs)
  File "/home/airflow/.local/lib/python3.7/site-packages/airflow/models/xcom.py", line 243, in set
    map_index=map_index,
  File "/home/airflow/.local/lib/python3.7/site-packages/airflow/models/xcom.py", line 632, in serialize_value
    return json.dumps(value, cls=XComEncoder).encode("UTF-8")
  File "/usr/local/lib/python3.7/json/__init__.py", line 238, in dumps
    **kw).encode(obj)
  File "/home/airflow/.local/lib/python3.7/site-packages/airflow/utils/json.py", line 104, in encode
    return super().encode(o)
  File "/usr/local/lib/python3.7/json/encoder.py", line 199, in encode
    chunks = self.iterencode(o, _one_shot=True)
  File "/usr/local/lib/python3.7/json/encoder.py", line 257, in iterencode
    return _iterencode(o, 0)
  File "/home/airflow/.local/lib/python3.7/site-packages/airflow/utils/json.py", line 93, in default
    return super().default(o)
  File "/usr/local/lib/python3.7/json/encoder.py", line 179, in default
    raise TypeError(f'Object of type {o.__class__.__name__} '
TypeError: Object of type Series is not JSON serializable
[2023-07-16T19:30:18.131+0000] {taskinstance.py:1350} INFO - Marking task as FAILED. dag_id=voos, task_id=tipo, execution_date=20230715T184046, start_date=20230716T193017, end_date=20230716T193018
[2023-07-16T19:30:18.146+0000] {standard_task_runner.py:109} ERROR - Failed to execute job 52 for task tipo (Object of type Series is not JSON serializable; 335)
[2023-07-16T19:30:18.189+0000] {local_task_job_runner.py:225} INFO - Task exited with return code 1
[2023-07-16T19:30:18.217+0000] {taskinstance.py:2653} INFO - 0 downstream tasks scheduled from follow-on schedule check
