[2023-07-16T19:22:05.214+0000] {taskinstance.py:1097} INFO - Dependencies not met for <TaskInstance: voos.tipo scheduled__2023-07-15T18:40:46.573915+00:00 [queued]>, dependency 'Trigger Rule' FAILED: Task's trigger rule 'all_success' requires all upstream tasks to have succeeded, but found 2 non-success(es). upstream_states=_UpstreamTIStates(success=0, skipped=0, failed=0, upstream_failed=0, removed=0, done=0), upstream_task_ids={'paises_origem', 'paises_destino'}
[2023-07-16T19:22:05.229+0000] {local_task_job_runner.py:154} INFO - Task is not able to be run
[2023-07-16T19:26:48.405+0000] {taskinstance.py:1103} INFO - Dependencies all met for dep_context=non-requeueable deps ti=<TaskInstance: voos.tipo scheduled__2023-07-15T18:40:46.573915+00:00 [queued]>
[2023-07-16T19:26:48.428+0000] {taskinstance.py:1103} INFO - Dependencies all met for dep_context=requeueable deps ti=<TaskInstance: voos.tipo scheduled__2023-07-15T18:40:46.573915+00:00 [queued]>
[2023-07-16T19:26:48.428+0000] {taskinstance.py:1308} INFO - Starting attempt 1 of 1
[2023-07-16T19:26:48.453+0000] {taskinstance.py:1327} INFO - Executing <Task(PythonOperator): tipo> on 2023-07-15 18:40:46.573915+00:00
[2023-07-16T19:26:48.468+0000] {standard_task_runner.py:57} INFO - Started process 222 to run task
[2023-07-16T19:26:48.477+0000] {standard_task_runner.py:84} INFO - Running: ['***', 'tasks', 'run', 'voos', 'tipo', 'scheduled__2023-07-15T18:40:46.573915+00:00', '--job-id', '50', '--raw', '--subdir', 'DAGS_FOLDER/data_ingestion_dag/main.py', '--cfg-path', '/tmp/tmp6muqouce']
[2023-07-16T19:26:48.481+0000] {standard_task_runner.py:85} INFO - Job 50: Subtask tipo
[2023-07-16T19:26:48.583+0000] {task_command.py:410} INFO - Running <TaskInstance: voos.tipo scheduled__2023-07-15T18:40:46.573915+00:00 [running]> on host 44a26cae519f
[2023-07-16T19:26:48.738+0000] {taskinstance.py:1547} INFO - Exporting env vars: AIRFLOW_CTX_DAG_OWNER='***' AIRFLOW_CTX_DAG_ID='voos' AIRFLOW_CTX_TASK_ID='tipo' AIRFLOW_CTX_EXECUTION_DATE='2023-07-15T18:40:46.573915+00:00' AIRFLOW_CTX_TRY_NUMBER='1' AIRFLOW_CTX_DAG_RUN_ID='scheduled__2023-07-15T18:40:46.573915+00:00'
[2023-07-16T19:26:48.929+0000] {python.py:183} INFO - Done. Returned value was: 0    Nacional
dtype: object
[2023-07-16T19:26:48.942+0000] {xcom.py:640} ERROR - Object of type Series is not JSON serializable. If you are using pickle instead of JSON for XCom, then you need to enable pickle support for XCom in your *** config or make sure to decorate your object with attr.
[2023-07-16T19:26:48.947+0000] {taskinstance.py:1824} ERROR - Task failed with exception
Traceback (most recent call last):
  File "/home/airflow/.local/lib/python3.7/site-packages/airflow/utils/json.py", line 91, in default
    return serialize(o)
  File "/home/airflow/.local/lib/python3.7/site-packages/airflow/serialization/serde.py", line 172, in serialize
    raise TypeError(f"cannot serialize object of type {cls}")
TypeError: cannot serialize object of type <class 'pandas.core.series.Series'>

During handling of the above exception, another exception occurred:

Traceback (most recent call last):
  File "/home/airflow/.local/lib/python3.7/site-packages/airflow/utils/session.py", line 73, in wrapper
    return func(*args, **kwargs)
  File "/home/airflow/.local/lib/python3.7/site-packages/airflow/models/taskinstance.py", line 2361, in xcom_push
    session=session,
  File "/home/airflow/.local/lib/python3.7/site-packages/airflow/utils/session.py", line 73, in wrapper
    return func(*args, **kwargs)
  File "/home/airflow/.local/lib/python3.7/site-packages/airflow/models/xcom.py", line 243, in set
    map_index=map_index,
  File "/home/airflow/.local/lib/python3.7/site-packages/airflow/models/xcom.py", line 632, in serialize_value
    return json.dumps(value, cls=XComEncoder).encode("UTF-8")
  File "/usr/local/lib/python3.7/json/__init__.py", line 238, in dumps
    **kw).encode(obj)
  File "/home/airflow/.local/lib/python3.7/site-packages/airflow/utils/json.py", line 104, in encode
    return super().encode(o)
  File "/usr/local/lib/python3.7/json/encoder.py", line 199, in encode
    chunks = self.iterencode(o, _one_shot=True)
  File "/usr/local/lib/python3.7/json/encoder.py", line 257, in iterencode
    return _iterencode(o, 0)
  File "/home/airflow/.local/lib/python3.7/site-packages/airflow/utils/json.py", line 93, in default
    return super().default(o)
  File "/usr/local/lib/python3.7/json/encoder.py", line 179, in default
    raise TypeError(f'Object of type {o.__class__.__name__} '
TypeError: Object of type Series is not JSON serializable
[2023-07-16T19:26:48.968+0000] {taskinstance.py:1350} INFO - Marking task as FAILED. dag_id=voos, task_id=tipo, execution_date=20230715T184046, start_date=20230716T192648, end_date=20230716T192648
[2023-07-16T19:26:48.993+0000] {standard_task_runner.py:109} ERROR - Failed to execute job 50 for task tipo (Object of type Series is not JSON serializable; 222)
[2023-07-16T19:26:49.020+0000] {local_task_job_runner.py:225} INFO - Task exited with return code 1
[2023-07-16T19:26:49.173+0000] {taskinstance.py:2653} INFO - 0 downstream tasks scheduled from follow-on schedule check
